2015-07-26 21:43:19.697 LocalMix[22221:660556] DiskCookieStorage changing policy from 2 to 0, cookie file: file:///Users/joshuaoconnor/Library/Developer/CoreSimulator/Devices/9A4C60C6-DA19-412B-B909-D34F7E139982/data/Containers/Data/Application/3A3EA311-E4C4-4DC4-8F86-6B43A75F59F9/Library/Cookies/Cookies.binarycookies
2015-07-26 21:43:19.859 LocalMix[22221:660556] Apache Cordova native platform version 3.8.0 is starting.
2015-07-26 21:43:19.859 LocalMix[22221:660556] Multi-tasking -> Device: YES, App: YES
2015-07-26 21:43:19.862 LocalMix[22221:660556] Unlimited access to network resources
2015-07-26 21:43:19.865 LocalMix[22221:660556] 

Started backup to iCloud! Please be careful.
Your application might be rejected by Apple if you store too much data.
For more information please read "iOS Data Storage Guidelines" at:
https://developer.apple.com/icloud/documentation/data-storage/
To disable web storage backup to iCloud, set the BackupWebStorage preference to "local" in the Cordova config.xml file

2015-07-26 21:43:20.370 LocalMix[22221:660556] Resetting plugins due to page load.
2015-07-26 21:43:21.695 LocalMix[22221:660556] Finished load of: file:///Users/joshuaoconnor/Library/Developer/CoreSimulator/Devices/9A4C60C6-DA19-412B-B909-D34F7E139982/data/Containers/Bundle/Application/F7CC1AA2-DFD1-49D5-BC92-2DA793FAB5B9/LocalMix.app/www/index.html
2015-07-26 21:44:06.248 LocalMix[22311:661436] Apache Cordova native platform version 3.8.0 is starting.
2015-07-26 21:44:06.250 LocalMix[22311:661436] Multi-tasking -> Device: YES, App: YES
2015-07-26 21:44:06.252 LocalMix[22311:661436] Unlimited access to network resources
2015-07-26 21:44:06.254 LocalMix[22311:661436] 

Started backup to iCloud! Please be careful.
Your application might be rejected by Apple if you store too much data.
For more information please read "iOS Data Storage Guidelines" at:
https://developer.apple.com/icloud/documentation/data-storage/
To disable web storage backup to iCloud, set the BackupWebStorage preference to "local" in the Cordova config.xml file

2015-07-26 21:44:06.441 LocalMix[22311:661436] Resetting plugins due to page load.
2015-07-26 21:44:06.585 LocalMix[22311:661436] Finished load of: file:///Users/joshuaoconnor/Library/Developer/CoreSimulator/Devices/9A4C60C6-DA19-412B-B909-D34F7E139982/data/Containers/Bundle/Application/8143C899-4BF0-4E58-A06A-684337E3E92C/LocalMix.app/www/index.html
2015-07-26 21:47:34.705 LocalMix[22506:663340] Apache Cordova native platform version 3.8.0 is starting.
2015-07-26 21:47:34.706 LocalMix[22506:663340] Multi-tasking -> Device: YES, App: YES
2015-07-26 21:47:34.708 LocalMix[22506:663340] Unlimited access to network resources
2015-07-26 21:47:34.711 LocalMix[22506:663340] 

Started backup to iCloud! Please be careful.
Your application might be rejected by Apple if you store too much data.
For more information please read "iOS Data Storage Guidelines" at:
https://developer.apple.com/icloud/documentation/data-storage/
To disable web storage backup to iCloud, set the BackupWebStorage preference to "local" in the Cordova config.xml file

2015-07-26 21:47:34.878 LocalMix[22506:663340] Resetting plugins due to page load.
2015-07-26 21:47:35.106 LocalMix[22506:663340] Finished load of: file:///Users/joshuaoconnor/Library/Developer/CoreSimulator/Devices/9A4C60C6-DA19-412B-B909-D34F7E139982/data/Containers/Bundle/Application/D083FB9B-9393-4863-8AEF-D3297D008F85/LocalMix.app/www/index.html
2015-07-26 21:48:43.482 LocalMix[22626:664281] Apache Cordova native platform version 3.8.0 is starting.
2015-07-26 21:48:43.483 LocalMix[22626:664281] Multi-tasking -> Device: YES, App: YES
2015-07-26 21:48:43.485 LocalMix[22626:664281] Unlimited access to network resources
2015-07-26 21:48:43.487 LocalMix[22626:664281] 

Started backup to iCloud! Please be careful.
Your application might be rejected by Apple if you store too much data.
For more information please read "iOS Data Storage Guidelines" at:
https://developer.apple.com/icloud/documentation/data-storage/
To disable web storage backup to iCloud, set the BackupWebStorage preference to "local" in the Cordova config.xml file

2015-07-26 21:48:43.755 LocalMix[22626:664281] Resetting plugins due to page load.
2015-07-26 21:48:43.905 LocalMix[22626:664281] Finished load of: file:///Users/joshuaoconnor/Library/Developer/CoreSimulator/Devices/9A4C60C6-DA19-412B-B909-D34F7E139982/data/Containers/Bundle/Application/2A81C7B7-DED8-470E-B217-26AEA9598CD3/LocalMix.app/www/index.html
2015-07-26 21:49:07.924 LocalMix[22704:664777] Apache Cordova native platform version 3.8.0 is starting.
2015-07-26 21:49:07.926 LocalMix[22704:664777] Multi-tasking -> Device: YES, App: YES
2015-07-26 21:49:07.927 LocalMix[22704:664777] Unlimited access to network resources
2015-07-26 21:49:07.930 LocalMix[22704:664777] 

Started backup to iCloud! Please be careful.
Your application might be rejected by Apple if you store too much data.
For more information please read "iOS Data Storage Guidelines" at:
https://developer.apple.com/icloud/documentation/data-storage/
To disable web storage backup to iCloud, set the BackupWebStorage preference to "local" in the Cordova config.xml file

2015-07-26 21:49:08.075 LocalMix[22704:664777] Resetting plugins due to page load.
2015-07-26 21:49:08.193 LocalMix[22704:664777] Finished load of: file:///Users/joshuaoconnor/Library/Developer/CoreSimulator/Devices/9A4C60C6-DA19-412B-B909-D34F7E139982/data/Containers/Bundle/Application/331B4FDB-C1AA-44B3-BBFF-33A29B1AA68D/LocalMix.app/www/index.html
2015-07-26 21:49:38.247 LocalMix[22782:665313] Apache Cordova native platform version 3.8.0 is starting.
2015-07-26 21:49:38.249 LocalMix[22782:665313] Multi-tasking -> Device: YES, App: YES
2015-07-26 21:49:38.250 LocalMix[22782:665313] Unlimited access to network resources
2015-07-26 21:49:38.253 LocalMix[22782:665313] 

Started backup to iCloud! Please be careful.
Your application might be rejected by Apple if you store too much data.
For more information please read "iOS Data Storage Guidelines" at:
https://developer.apple.com/icloud/documentation/data-storage/
To disable web storage backup to iCloud, set the BackupWebStorage preference to "local" in the Cordova config.xml file

2015-07-26 21:49:38.423 LocalMix[22782:665313] Resetting plugins due to page load.
2015-07-26 21:49:38.550 LocalMix[22782:665313] Finished load of: file:///Users/joshuaoconnor/Library/Developer/CoreSimulator/Devices/9A4C60C6-DA19-412B-B909-D34F7E139982/data/Containers/Bundle/Application/D3A2CE38-B03E-4CA1-A413-74F05E69E72A/LocalMix.app/www/index.html
2015-07-26 21:50:24.887 LocalMix[22866:665947] Apache Cordova native platform version 3.8.0 is starting.
2015-07-26 21:50:24.888 LocalMix[22866:665947] Multi-tasking -> Device: YES, App: YES
2015-07-26 21:50:24.890 LocalMix[22866:665947] Unlimited access to network resources
2015-07-26 21:50:24.892 LocalMix[22866:665947] 

Started backup to iCloud! Please be careful.
Your application might be rejected by Apple if you store too much data.
For more information please read "iOS Data Storage Guidelines" at:
https://developer.apple.com/icloud/documentation/data-storage/
To disable web storage backup to iCloud, set the BackupWebStorage preference to "local" in the Cordova config.xml file

2015-07-26 21:50:25.144 LocalMix[22866:665947] Resetting plugins due to page load.
2015-07-26 21:50:25.275 LocalMix[22866:665947] Finished load of: file:///Users/joshuaoconnor/Library/Developer/CoreSimulator/Devices/9A4C60C6-DA19-412B-B909-D34F7E139982/data/Containers/Bundle/Application/4E8F5428-DB12-47F8-967E-A49ADB1E3061/LocalMix.app/www/index.html
2015-07-26 21:51:14.360 LocalMix[22947:666547] Apache Cordova native platform version 3.8.0 is starting.
2015-07-26 21:51:14.362 LocalMix[22947:666547] Multi-tasking -> Device: YES, App: YES
2015-07-26 21:51:14.371 LocalMix[22947:666547] Unlimited access to network resources
2015-07-26 21:51:14.374 LocalMix[22947:666547] 

Started backup to iCloud! Please be careful.
Your application might be rejected by Apple if you store too much data.
For more information please read "iOS Data Storage Guidelines" at:
https://developer.apple.com/icloud/documentation/data-storage/
To disable web storage backup to iCloud, set the BackupWebStorage preference to "local" in the Cordova config.xml file

2015-07-26 21:51:14.539 LocalMix[22947:666547] Resetting plugins due to page load.
2015-07-26 21:51:15.704 LocalMix[22947:666547] Finished load of: file:///Users/joshuaoconnor/Library/Developer/CoreSimulator/Devices/9A4C60C6-DA19-412B-B909-D34F7E139982/data/Containers/Bundle/Application/5360CBD3-6B4D-468E-B0AB-7499AB0916F7/LocalMix.app/www/index.html
2015-07-26 21:51:40.330 LocalMix[23027:667125] Apache Cordova native platform version 3.8.0 is starting.
2015-07-26 21:51:40.334 LocalMix[23027:667125] Multi-tasking -> Device: YES, App: YES
2015-07-26 21:51:40.336 LocalMix[23027:667125] Unlimited access to network resources
2015-07-26 21:51:40.339 LocalMix[23027:667125] 

Started backup to iCloud! Please be careful.
Your application might be rejected by Apple if you store too much data.
For more information please read "iOS Data Storage Guidelines" at:
https://developer.apple.com/icloud/documentation/data-storage/
To disable web storage backup to iCloud, set the BackupWebStorage preference to "local" in the Cordova config.xml file

2015-07-26 21:51:40.491 LocalMix[23027:667125] Resetting plugins due to page load.
2015-07-26 21:51:40.614 LocalMix[23027:667125] Finished load of: file:///Users/joshuaoconnor/Library/Developer/CoreSimulator/Devices/9A4C60C6-DA19-412B-B909-D34F7E139982/data/Containers/Bundle/Application/75C639DC-FB8D-496F-B4A9-0A9427D54904/LocalMix.app/www/index.html
2015-07-26 21:52:10.204 LocalMix[23103:667632] Apache Cordova native platform version 3.8.0 is starting.
2015-07-26 21:52:10.205 LocalMix[23103:667632] Multi-tasking -> Device: YES, App: YES
2015-07-26 21:52:10.214 LocalMix[23103:667632] Unlimited access to network resources
2015-07-26 21:52:10.218 LocalMix[23103:667632] 

Started backup to iCloud! Please be careful.
Your application might be rejected by Apple if you store too much data.
For more information please read "iOS Data Storage Guidelines" at:
https://developer.apple.com/icloud/documentation/data-storage/
To disable web storage backup to iCloud, set the BackupWebStorage preference to "local" in the Cordova config.xml file

2015-07-26 21:52:10.386 LocalMix[23103:667632] Resetting plugins due to page load.
2015-07-26 21:52:10.538 LocalMix[23103:667632] Finished load of: file:///Users/joshuaoconnor/Library/Developer/CoreSimulator/Devices/9A4C60C6-DA19-412B-B909-D34F7E139982/data/Containers/Bundle/Application/0173575E-E7ED-437F-BF6F-09ACF3E70B36/LocalMix.app/www/index.html
2015-07-26 21:53:28.635 LocalMix[23185:668281] Apache Cordova native platform version 3.8.0 is starting.
2015-07-26 21:53:28.637 LocalMix[23185:668281] Multi-tasking -> Device: YES, App: YES
2015-07-26 21:53:28.646 LocalMix[23185:668281] Unlimited access to network resources
2015-07-26 21:53:28.649 LocalMix[23185:668281] 

Started backup to iCloud! Please be careful.
Your application might be rejected by Apple if you store too much data.
For more information please read "iOS Data Storage Guidelines" at:
https://developer.apple.com/icloud/documentation/data-storage/
To disable web storage backup to iCloud, set the BackupWebStorage preference to "local" in the Cordova config.xml file

2015-07-26 21:53:28.806 LocalMix[23185:668281] Resetting plugins due to page load.
2015-07-26 21:53:29.010 LocalMix[23185:668281] Finished load of: file:///Users/joshuaoconnor/Library/Developer/CoreSimulator/Devices/9A4C60C6-DA19-412B-B909-D34F7E139982/data/Containers/Bundle/Application/6B6EA243-2BB8-4B8F-A0AD-36BAFA3FE94D/LocalMix.app/www/index.html
2015-07-26 21:54:26.857 LocalMix[23263:668846] Apache Cordova native platform version 3.8.0 is starting.
2015-07-26 21:54:26.858 LocalMix[23263:668846] Multi-tasking -> Device: YES, App: YES
2015-07-26 21:54:26.868 LocalMix[23263:668846] Unlimited access to network resources
2015-07-26 21:54:26.871 LocalMix[23263:668846] 

Started backup to iCloud! Please be careful.
Your application might be rejected by Apple if you store too much data.
For more information please read "iOS Data Storage Guidelines" at:
https://developer.apple.com/icloud/documentation/data-storage/
To disable web storage backup to iCloud, set the BackupWebStorage preference to "local" in the Cordova config.xml file

2015-07-26 21:54:27.025 LocalMix[23263:668846] Resetting plugins due to page load.
2015-07-26 21:54:27.149 LocalMix[23263:668846] Finished load of: file:///Users/joshuaoconnor/Library/Developer/CoreSimulator/Devices/9A4C60C6-DA19-412B-B909-D34F7E139982/data/Containers/Bundle/Application/ADE0AF3A-AAAB-4C59-B0C7-2899C68BB9BD/LocalMix.app/www/index.html
2015-07-26 21:55:08.610 LocalMix[23342:669389] Apache Cordova native platform version 3.8.0 is starting.
2015-07-26 21:55:08.611 LocalMix[23342:669389] Multi-tasking -> Device: YES, App: YES
2015-07-26 21:55:08.622 LocalMix[23342:669389] Unlimited access to network resources
2015-07-26 21:55:08.625 LocalMix[23342:669389] 

Started backup to iCloud! Please be careful.
Your application might be rejected by Apple if you store too much data.
For more information please read "iOS Data Storage Guidelines" at:
https://developer.apple.com/icloud/documentation/data-storage/
To disable web storage backup to iCloud, set the BackupWebStorage preference to "local" in the Cordova config.xml file

2015-07-26 21:55:08.776 LocalMix[23342:669389] Resetting plugins due to page load.
2015-07-26 21:55:08.897 LocalMix[23342:669389] Finished load of: file:///Users/joshuaoconnor/Library/Developer/CoreSimulator/Devices/9A4C60C6-DA19-412B-B909-D34F7E139982/data/Containers/Bundle/Application/2BF6E52C-ADEA-4A9F-9ED1-24761F065823/LocalMix.app/www/index.html
2015-07-26 21:55:46.404 LocalMix[23418:669901] Apache Cordova native platform version 3.8.0 is starting.
2015-07-26 21:55:46.405 LocalMix[23418:669901] Multi-tasking -> Device: YES, App: YES
2015-07-26 21:55:46.415 LocalMix[23418:669901] Unlimited access to network resources
2015-07-26 21:55:46.418 LocalMix[23418:669901] 

Started backup to iCloud! Please be careful.
Your application might be rejected by Apple if you store too much data.
For more information please read "iOS Data Storage Guidelines" at:
https://developer.apple.com/icloud/documentation/data-storage/
To disable web storage backup to iCloud, set the BackupWebStorage preference to "local" in the Cordova config.xml file

2015-07-26 21:55:46.578 LocalMix[23418:669901] Resetting plugins due to page load.
2015-07-26 21:55:46.711 LocalMix[23418:669901] Finished load of: file:///Users/joshuaoconnor/Library/Developer/CoreSimulator/Devices/9A4C60C6-DA19-412B-B909-D34F7E139982/data/Containers/Bundle/Application/FA2083C6-AEAC-4CC7-82A5-4C0B78462FC5/LocalMix.app/www/index.html
2015-07-26 21:56:20.090 LocalMix[23496:670451] Apache Cordova native platform version 3.8.0 is starting.
2015-07-26 21:56:20.092 LocalMix[23496:670451] Multi-tasking -> Device: YES, App: YES
2015-07-26 21:56:20.094 LocalMix[23496:670451] Unlimited access to network resources
2015-07-26 21:56:20.097 LocalMix[23496:670451] 

Started backup to iCloud! Please be careful.
Your application might be rejected by Apple if you store too much data.
For more information please read "iOS Data Storage Guidelines" at:
https://developer.apple.com/icloud/documentation/data-storage/
To disable web storage backup to iCloud, set the BackupWebStorage preference to "local" in the Cordova config.xml file

2015-07-26 21:56:20.252 LocalMix[23496:670451] Resetting plugins due to page load.
2015-07-26 21:56:20.382 LocalMix[23496:670451] Finished load of: file:///Users/joshuaoconnor/Library/Developer/CoreSimulator/Devices/9A4C60C6-DA19-412B-B909-D34F7E139982/data/Containers/Bundle/Application/A62DBE3E-A4DB-48A8-A756-6695C779637B/LocalMix.app/www/index.html
2015-07-26 21:56:59.949 LocalMix[23573:670941] Apache Cordova native platform version 3.8.0 is starting.
2015-07-26 21:56:59.950 LocalMix[23573:670941] Multi-tasking -> Device: YES, App: YES
2015-07-26 21:56:59.952 LocalMix[23573:670941] Unlimited access to network resources
2015-07-26 21:56:59.955 LocalMix[23573:670941] 

Started backup to iCloud! Please be careful.
Your application might be rejected by Apple if you store too much data.
For more information please read "iOS Data Storage Guidelines" at:
https://developer.apple.com/icloud/documentation/data-storage/
To disable web storage backup to iCloud, set the BackupWebStorage preference to "local" in the Cordova config.xml file

2015-07-26 21:57:00.128 LocalMix[23573:670941] Resetting plugins due to page load.
2015-07-26 21:57:00.255 LocalMix[23573:670941] Finished load of: file:///Users/joshuaoconnor/Library/Developer/CoreSimulator/Devices/9A4C60C6-DA19-412B-B909-D34F7E139982/data/Containers/Bundle/Application/FAFFDD2E-A83F-4A5D-A94F-7738C4C0DBCA/LocalMix.app/www/index.html
